
> seospeeder@0.1.0 build
> next build

▲ Next.js 16.1.6 (Turbopack)

  Creating an optimized production build ...

> Build error occurred
Error: Turbopack build failed with 1 errors:
./src/app/globals.css
Error evaluating Node.js code
CssSyntaxError: D:\Madhan Kumar\Web Development Projects\seospeeder\src\app\globals.css:8:1: The `border-border` class does not exist. If `border-border` is a custom class, make sure it is defined within a `@layer` directive.
    at Input.error (node_modules/postcss/lib/input.js:106:16) [D:\Madhan Kumar\Web Development Projects\seospeeder\.next\build\chunks\node_modules_12b5f858._.js:4132:22]
    at AtRule.error (node_modules/postcss/lib/node.js:115:32) [D:\Madhan Kumar\Web Development Projects\seospeeder\.next\build\chunks\node_modules_12b5f858._.js:895:38]
    [at processApply (D:\Madhan Kumar\Web Development Projects\seospeeder\node_modules\tailwindcss\lib\lib\expandApplyAtRules.js:380:29)]
    [at D:\Madhan Kumar\Web Development Projects\seospeeder\node_modules\tailwindcss\lib\lib\expandApplyAtRules.js:551:9]
    [at D:\Madhan Kumar\Web Development Projects\seospeeder\node_modules\tailwindcss\lib\processTailwindFeatures.js:55:50]
    [at async plugins (D:\Madhan Kumar\Web Development Projects\seospeeder\node_modules\tailwindcss\lib\plugin.js:38:17)]
    at async LazyResult.runAsync (node_modules/postcss/lib/lazy-result.js:261:11) [D:\Madhan Kumar\Web Development Projects\seospeeder\.next\build\chunks\node_modules_12b5f858._.js:6052:21]
    at async transform (turbopack:///[turbopack-node]/transforms/postcss.ts:70:34) [D:\Madhan Kumar\Web Development Projects\seospeeder\.next\build\chunks\[root-of-the-server]__51225daf._.js:147:36]
    at async run (turbopack:///[turbopack-node]/ipc/evaluate.ts:92:23) [D:\Madhan Kumar\Web Development Projects\seospeeder\.next\build\chunks\[root-of-the-server]__974941ed._.js:443:31]

Import trace:
  Client Component Browser:
    ./src/app/globals.css [Client Component Browser]
    ./src/app/layout.tsx [Server Component]


    at async transform (turbopack:///[turbopack-node]/transforms/postcss.ts:70:34) [D:\Madhan Kumar\Web Development Projects\seospeeder\.next\build\chunks\[root-of-the-server]__51225daf._.js:147:36])
    at async run (turbopack:///[turbopack-node]/ipc/evaluate.ts:92:23) [D:\Madhan Kumar\Web Development Projects\seospeeder\.next\build\chunks\[root-of-the-server]__974941ed._.js:443:31])
